Simulation started at 24/03/2019 22:23:37
----------------------------------------------------------------------
Scenario started at 24/03/2019 22:23:37
Duration: 60.0 min (warm up period: 5.0 sec) - #vehicles: 1000
Creating tasks...Done, 
Creating device locations...Done.
SimManager is starting...Done.
.........10.........20.........30.........40.........50.........60.........70.........80.........90.........100
# of tasks: 274771
# of failed tasks: 9506
# of completed tasks: 265265
# of uncompleted tasks : 15
# of failed tasks due to vm capacity: 1007
# of failed tasks due to Mobility/Bandwidth/Range: 2344/0/6155
percentage of failed tasks: 3.459608%
average service time: 0.542918 seconds.
average processing time: 0.526264 seconds.
average network delay: 0.016653 seconds.
average server utilization: 0.985788
average task length: 299.49689576615987
average task input size: 1022.7511481662093
average task output size: 1023.8109619849629
Scenario finished at 24/03/2019 22:31:34. It took 7 Minutes 57 Seconds
----------------------------------------------------------------------
Simulation finished at 24/03/2019 22:31:34. It took 7 Minutes 57 Seconds
