Simulation started at 25/03/2019 01:34:32
----------------------------------------------------------------------
Scenario started at 25/03/2019 01:34:32
Duration: 60.0 min (warm up period: 5.0 sec) - #vehicles: 3500
Creating tasks...Done, 
Creating device locations...Done.
SimManager is starting...Done.
.........10.........20.........30.........40.........50.........60.........70.........80.........90.........100
# of tasks: 1020418
# of failed tasks: 220652
# of completed tasks: 799766
# of uncompleted tasks : 510
# of failed tasks due to vm capacity: 153267
# of failed tasks due to Mobility/Bandwidth/Range: 47750/0/19635
percentage of failed tasks: 21.623688%
average service time: 1.904585 seconds.
average processing time: 1.887629 seconds.
average network delay: 0.016956 seconds.
average server utilization: 21.289997
average task length: 299.4192989123621
average task input size: 1022.3048882977056
average task output size: 1022.9069493637162
Scenario finished at 25/03/2019 03:08:27. It took 1 Hour 33 Minutes 55 Seconds
----------------------------------------------------------------------
Simulation finished at 25/03/2019 03:08:27. It took 1 Hour 33 Minutes 55 Seconds
