Simulation started at 25/03/2019 03:08:28
----------------------------------------------------------------------
Scenario started at 25/03/2019 03:08:28
Duration: 60.0 min (warm up period: 5.0 sec) - #vehicles: 4000
Creating tasks...Done, 
Creating device locations...Done.
SimManager is starting...Done.
.........10.........20.........30.........40.........50.........60.........70.........80.........90.........100
# of tasks: 1488351
# of failed tasks: 622994
# of completed tasks: 865357
# of uncompleted tasks : 955
# of failed tasks due to vm capacity: 553241
# of failed tasks due to Mobility/Bandwidth/Range: 47130/0/22623
percentage of failed tasks: 41.858003%
average service time: 2.444245 seconds.
average processing time: 2.426845 seconds.
average network delay: 0.017400 seconds.
average server utilization: 28.991678
average task length: 299.52024567147384
average task input size: 1022.7490650007453
average task output size: 1022.9836997903722
Scenario finished at 25/03/2019 05:15:11. It took 2 Hours 6 Minutes 42 Seconds
----------------------------------------------------------------------
Simulation finished at 25/03/2019 05:15:11. It took 2 Hours 6 Minutes 42 Seconds
